#curl -X GET 'http://localhost:8080/happiest-minds-assessment/1.0.0/searchByCommaSeparateWords/TURING,TUNING'

  [
      {
          "id": 137,
          "word": "TURING",
          "quickIndex": "TU",
          "description": null
      },
      {
          "id": 426,
          "word": "TUNING",
          "quickIndex": "TU",
          "description": null
      }
  ]


#curl -X GET http://localhost:8080/happiest-minds-assessment/1.0.0/searchBySubWord/AL

  [
      {
          "id": 29,
          "word": "ALTHOUGH",
          "quickIndex": "AL",
          "description": null
      },
      {
          "id": 126,
          "word": "ALGORITHM",
          "quickIndex": "AL",
          "description": null
      },
      {
          "id": 144,
          "word": "AL",
          "quickIndex": "AL",
          "description": null
      },
      {
          "id": 177,
          "word": "ALLIES",
          "quickIndex": "AL",
          "description": null
      },
      {
          "id": 345,
          "word": "ALBERT",
          "quickIndex": "AL",
          "description": null
      },
      {
          "id": 362,
          "word": "ALSO",
          "quickIndex": "AL",
          "description": null
      },
      {
          "id": 384,
          "word": "ALAN",
          "quickIndex": "AL",
          "description": null
      },
      {
          "id": 471,
          "word": "ALTERNATIVE",
          "quickIndex": "AL",
          "description": null
      }
  ]